c:\users\nastya\desktop\matrix\mymatrix\mymatrix\debug\vc141.pdb
c:\users\nastya\desktop\matrix\mymatrix\mymatrix\debug\tvector.obj
c:\users\nastya\desktop\matrix\mymatrix\mymatrix\debug\tmatrix.obj
c:\users\nastya\desktop\matrix\mymatrix\mymatrix\debug\myform.obj
c:\users\nastya\desktop\matrix\mymatrix\mymatrix\debug\.netframework,version=v4.6.1.assemblyattributes.obj
c:\users\nastya\desktop\matrix\mymatrix\mymatrix\debug\.netframework,version=v4.6.1.assemblyattributes.asm
c:\users\nastya\desktop\matrix\mymatrix\debug\mymatrix.exe
c:\users\nastya\desktop\matrix\mymatrix\debug\mymatrix.pdb
c:\users\nastya\desktop\matrix\mymatrix\mymatrix\debug\mymatrix.myform.resources
c:\users\nastya\desktop\matrix\mymatrix\mymatrix\debug\mymatrix.vcxproj.generateresource.cache
c:\users\nastya\desktop\matrix\mymatrix\mymatrix\debug\mymatrix.vcxprojassemblyreference.cache
c:\users\nastya\desktop\matrix\mymatrix\mymatrix\debug\mymatrix.tlog\cl.command.1.tlog
c:\users\nastya\desktop\matrix\mymatrix\mymatrix\debug\mymatrix.tlog\cl.read.1.tlog
c:\users\nastya\desktop\matrix\mymatrix\mymatrix\debug\mymatrix.tlog\cl.write.1.tlog
c:\users\nastya\desktop\matrix\mymatrix\mymatrix\debug\mymatrix.tlog\link.command.1.tlog
c:\users\nastya\desktop\matrix\mymatrix\mymatrix\debug\mymatrix.tlog\link.read.1.tlog
c:\users\nastya\desktop\matrix\mymatrix\mymatrix\debug\mymatrix.tlog\link.write.1.tlog
c:\users\nastya\desktop\matrix\mymatrix\mymatrix\debug\mymatrix.tlog\metagen.read.1.tlog
c:\users\nastya\desktop\matrix\mymatrix\mymatrix\debug\mymatrix.tlog\metagen.write.1.tlog
c:\users\nastya\desktop\matrix\mymatrix\mymatrix\debug\mymatrix.tlog\mymatrix.write.1u.tlog
